<?xml version="1.0" encoding="UTF-8"?>
<!-- Generated by org.testng.reporters.JUnitReportReporter -->
<testsuite skipped="0" hostname="LAPTOP-AAKS8C7V" name="com.qa.testcases.BusPageTest" tests="5" failures="0" timestamp="2023-05-23T01:05:42 IST" time="41.449" errors="0">
  <testcase name="verifyBusPageLabelTest" time="6.501" classname="com.qa.testcases.BusPageTest"/>
  <system-out/>
  <testcase name="clickOnRoundTripTest" time="6.915" classname="com.qa.testcases.BusPageTest"/>
  <system-out/>
  <testcase name="bookYourBusTest" time="12.986" classname="com.qa.testcases.BusPageTest"/>
  <system-out/>
  <testcase name="bookYourBusTest" time="7.457" classname="com.qa.testcases.BusPageTest"/>
  <system-out/>
  <testcase name="bookYourBusTest" time="7.590" classname="com.qa.testcases.BusPageTest"/>
  <system-out/>
</testsuite> <!-- com.qa.testcases.BusPageTest -->
